Starting "default"...
(default) Check network to re-create if needed...
(default) Waiting for an IP...
Machine "default" was started.
Waiting for SSH to be available...
Detecting the provisioner...
Started machines may have new IP addresses. You may need to re-run the `docker-machine env` command.
Regenerate TLS machine certs?  Warning: this is irreversible. (y/n): Regenerating TLS certificates
Waiting for SSH to be available...
Detecting the provisioner...
Copying certs to the local machine directory...
Copying certs to the remote machine...
Setting Docker configuration on the remote daemon...











                        ##         .
                  ## ## ##        ==
               ## ## ## ## ##    ===
           /"""""""""""""""""\___/ ===
      ~~~ {~~ ~~~~ ~~~ ~~~~ ~~~ ~ /  ===- ~~~
           \______ o           __/
             \    \         __/
              \____\_______/


docker is configured to use the default machine with IP 192.168.99.100
For help getting started, check out the docs at https://docs.docker.com

IMAC-TX27:~ eduh$ pw
bash: pw: command not found
IMAC-TX27:~ eduh$ pwd
/Users/eduardohernandez
IMAC-TX27:~ eduh$ cd Documents/
IMAC-TX27:Documents eduh$ cd ulhi/
IMAC-TX27:ulhi eduh$ ls
docker	www
IMAC-TX27:ulhi eduh$ cd docker/
IMAC-TX27:docker eduh$ cd 
.DS_Store
UD02/
UD03/
hernandez_garcia_eduardo_DEAW01_Tarea.tar
hernandez_garcia_eduardo_DEAW01_Tarea_2.0.tar
hernandez_garcia_eduardo_DEAW02_Tarea.tar
httpd.tar
startbootstrap-sb-admin-2-gh-pages.zip
IMAC-TX27:docker eduh$ cd UD03/
.DS_Store       DEAW03_TA1.zip  ubuntu.tar      
DEAW03_TA1/     DEAW03_TA3/     
IMAC-TX27:docker eduh$ cd UD03/DEAW03_TA3/
.DS_Store        proyecto-docker/ 
IMAC-TX27:docker eduh$ cd UD03/DEAW03_TA3/proyecto-docker/
IMAC-TX27:proyecto-docker eduh$ ls
proyecto-docker
IMAC-TX27:proyecto-docker eduh$ cd proyecto-docker/
IMAC-TX27:proyecto-docker eduh$ ls
Dockerfile		edhernandez.html	index.html
IMAC-TX27:proyecto-docker eduh$ docker build -t apachegithub .
Sending build context to Docker daemon  54.78kB
Step 1/5 : FROM httpd:2.4
2.4: Pulling from library/httpd
8ec398bc0356: Pull complete 
354e6904d655: Pull complete 
27298e4c749a: Pull complete 
10e27104ba69: Pull complete 
36412f6b2f6e: Pull complete 
Digest: sha256:769018135ba22d3a7a2b91cb89b8de711562cdf51ad6621b2b9b13e95f3798de
Status: Downloaded newer image for httpd:2.4
 ---> c2aa7e16edd8
Step 2/5 : LABEL 	version="1.0" 	description="Apache2 + nano + index.html" 	creationDate="23-11-2019" 	maintainer="Nora San Saturnino <nsansaturnino@birt.eus>"
 ---> Running in 7d1a584974f1
Removing intermediate container 7d1a584974f1
 ---> 8dbd7dc01b04
Step 3/5 : RUN 	apt-get update 	&& apt-get install nano
 ---> Running in 4e0d5f1a0eb6
Get:1 http://deb.debian.org/debian buster InRelease [122 kB]
Get:3 http://deb.debian.org/debian buster-updates InRelease [49.3 kB]
Get:2 http://security-cdn.debian.org/debian-security buster/updates InRelease [65.4 kB]
Get:4 http://deb.debian.org/debian buster/main amd64 Packages [7908 kB]
Get:5 http://deb.debian.org/debian buster-updates/main amd64 Packages [5792 B]
Get:6 http://security-cdn.debian.org/debian-security buster/updates/main amd64 Packages [169 kB]
Fetched 8319 kB in 3s (3303 kB/s)
Reading package lists...
Reading package lists...
Building dependency tree...
Reading state information...
The following package was automatically installed and is no longer required:
  lsb-base
Use 'apt autoremove' to remove it.
Suggested packages:
  spell
The following NEW packages will be installed:
  nano
0 upgraded, 1 newly installed, 0 to remove and 0 not upgraded.
Need to get 544 kB of archives.
After this operation, 2269 kB of additional disk space will be used.
Get:1 http://deb.debian.org/debian buster/main amd64 nano amd64 3.2-3 [544 kB]
debconf: delaying package configuration, since apt-utils is not installed
Fetched 544 kB in 0s (3093 kB/s)
Selecting previously unselected package nano.
(Reading database ... 9610 files and directories currently installed.)
Preparing to unpack .../archives/nano_3.2-3_amd64.deb ...
Unpacking nano (3.2-3) ...
Setting up nano (3.2-3) ...
update-alternatives: using /bin/nano to provide /usr/bin/editor (editor) in auto mode
update-alternatives: warning: skip creation of /usr/share/man/man1/editor.1.gz because associated file /usr/share/man/man1/nano.1.gz (of link group editor) doesn't exist
update-alternatives: using /bin/nano to provide /usr/bin/pico (pico) in auto mode
update-alternatives: warning: skip creation of /usr/share/man/man1/pico.1.gz because associated file /usr/share/man/man1/nano.1.gz (of link group pico) doesn't exist
Removing intermediate container 4e0d5f1a0eb6
 ---> 31a5016ef031
Step 4/5 : COPY index.html /usr/local/apache2/htdocs/
 ---> 283890d6c477
Step 5/5 : EXPOSE 80
 ---> Running in 93d63a60ebb3
Removing intermediate container 93d63a60ebb3
 ---> b9afc4688114
Successfully built b9afc4688114
Successfully tagged apachegithub:latest
IMAC-TX27:proyecto-docker eduh$ docker run -d -p 80:80 nombre-imagen
Unable to find image 'nombre-imagen:latest' locally
docker: Error response from daemon: pull access denied for nombre-imagen, repository does not exist or may require 'docker login': denied: requested access to the resource is denied.
See 'docker run --help'.
IMAC-TX27:proyecto-docker eduh$ docker run -d -p 80:80 apachegithub
b4b6007c19b391f48eb5048485210f4a3c75d2206e133a29647842ff97e81a3a
IMAC-TX27:proyecto-docker eduh$ docker images
REPOSITORY                           TAG                 IMAGE ID            CREATED             SIZE
apachegithub                         latest              b9afc4688114        2 minutes ago       184MB
httpd                                2.4                 c2aa7e16edd8        12 days ago         165MB
edhernandez/ubuntuapachedockerfile   2.0                 b0be20d25e64        6 weeks ago         189MB
edhernandez/ubuntuapachedockerfile   1.0                 228273c86555        6 weeks ago         189MB
edhernandez/ud02te01                 1.0                 b496b6201a49        7 weeks ago         211MB
ubuntu                               18.04               775349758637        2 months ago        64.2MB
edhernandez/ubuntu                   2.0                 77982694b45d        2 months ago        205MB
edhernandez/ubuntu                   1.0                 38c4bf22193f        2 months ago        205MB
edu/httpd                            1.2                 7064ea8f3bb3        2 months ago        172MB
ubuntu                               latest              2ca708c1c9cc        3 months ago        64.2MB
httpd                                latest              19459a872194        3 months ago        154MB
mysql                                5.7                 383867b75fd2        4 months ago        373MB
hello-world                          latest              fce289e99eb9        12 months ago       1.84kB
kitematic/hello-world-nginx          latest              03b4557ad7b9        4 years ago         7.91MB
IMAC-TX27:proyecto-docker eduh$ docker images -a
REPOSITORY                           TAG                 IMAGE ID            CREATED             SIZE
apachegithub                         latest              b9afc4688114        2 minutes ago       184MB
<none>                               <none>              283890d6c477        2 minutes ago       184MB
<none>                               <none>              31a5016ef031        2 minutes ago       184MB
<none>                               <none>              8dbd7dc01b04        2 minutes ago       165MB
httpd                                2.4                 c2aa7e16edd8        12 days ago         165MB
edhernandez/ubuntuapachedockerfile   2.0                 b0be20d25e64        6 weeks ago         189MB
<none>                               <none>              6cc8fed1f0d2        6 weeks ago         189MB
<none>                               <none>              b804b01f5d1a        6 weeks ago         189MB
<none>                               <none>              568a8d71ca76        6 weeks ago         189MB
<none>                               <none>              73da4faaab61        6 weeks ago         189MB
<none>                               <none>              0b2aa2c70b8c        6 weeks ago         189MB
<none>                               <none>              0e6a95d0d833        6 weeks ago         189MB
<none>                               <none>              87372c1a0e69        6 weeks ago         189MB
edhernandez/ubuntuapachedockerfile   1.0                 228273c86555        6 weeks ago         189MB
<none>                               <none>              6e6f8e1e7dbf        6 weeks ago         189MB
<none>                               <none>              b324b3474e12        6 weeks ago         189MB
<none>                               <none>              ac8456b65c08        6 weeks ago         189MB
<none>                               <none>              08bc4c86b4ce        6 weeks ago         189MB
<none>                               <none>              9dc8355025ac        6 weeks ago         189MB
<none>                               <none>              687c8c1c8a6e        6 weeks ago         189MB
<none>                               <none>              917fc4dbe9b9        6 weeks ago         189MB
<none>                               <none>              4dabcae188ad        6 weeks ago         64.2MB
edhernandez/ud02te01                 1.0                 b496b6201a49        7 weeks ago         211MB
ubuntu                               18.04               775349758637        2 months ago        64.2MB
edhernandez/ubuntu                   2.0                 77982694b45d        2 months ago        205MB
edhernandez/ubuntu                   1.0                 38c4bf22193f        2 months ago        205MB
edu/httpd                            1.2                 7064ea8f3bb3        2 months ago        172MB
ubuntu                               latest              2ca708c1c9cc        3 months ago        64.2MB
httpd                                latest              19459a872194        3 months ago        154MB
mysql                                5.7                 383867b75fd2        4 months ago        373MB
hello-world                          latest              fce289e99eb9        12 months ago       1.84kB
kitematic/hello-world-nginx          latest              03b4557ad7b9        4 years ago         7.91MB
IMAC-TX27:proyecto-docker eduh$ docker images -all
unknown shorthand flag: 'l' in -ll
See 'docker images --help'.
IMAC-TX27:proyecto-docker eduh$ docker images all
REPOSITORY          TAG                 IMAGE ID            CREATED             SIZE
IMAC-TX27:proyecto-docker eduh$ docker ps
CONTAINER ID        IMAGE               COMMAND              CREATED             STATUS              PORTS                NAMES
b4b6007c19b3        apachegithub        "httpd-foreground"   2 minutes ago       Up 2 minutes        0.0.0.0:80->80/tcp   kind_dirac
IMAC-TX27:proyecto-docker eduh$ docker ps -a
CONTAINER ID        IMAGE                                COMMAND                  CREATED             STATUS                       PORTS                                      NAMES
b4b6007c19b3        apachegithub                         "httpd-foreground"       2 minutes ago       Up 2 minutes                 0.0.0.0:80->80/tcp                         kind_dirac
9fa1f16e36a5        ubuntu:18.04                         "/bin/bash"              4 weeks ago         Exited (0) 3 weeks ago                                                  ftp_anonimo_pasivo
407a073c8a76        b0be20d25e64                         "/bin/bash"              6 weeks ago         Exited (255) 8 minutes ago   0.0.0.0:80->80/tcp, 0.0.0.0:443->443/tcp   ubuntu_apache_test
04a4aadec1ed        b496b6201a49                         "/bin/bash"              7 weeks ago         Exited (0) 6 weeks ago                                                  www.edhernandez.org
445fc1274f86        ubuntu:18.04                         "/bin/bash"              2 months ago        Exited (0) 7 weeks ago                                                  ubuntu_ud2_te01
3e4863a7a893        77982694b45d                         "bash"                   2 months ago        Exited (0) 2 months ago                                                 edhernandez_ubuntu
ee5c25b51019        7064ea8f3bb3                         "httpd-foreground"       2 months ago        Exited (0) 2 months ago                                                 eloquent_boyd
5ef5314443fa        httpd                                "httpd-foreground"       2 months ago        Exited (0) 2 months ago                                                 objective_shannon
a36f3821b433        httpd                                "httpd-foreground"       2 months ago        Exited (0) 2 months ago                                                 ApacheContainerTest2
2b525eb38931        mysql:5.7                            "docker-entrypoint.s…"   3 months ago        Exited (255) 2 months ago    3306/tcp, 33060/tcp                        mysqlEdu
6a85a6c4f66f        httpd                                "httpd-foreground"       3 months ago        Exited (0) 2 months ago                                                 affectionate_gates
2691c40319cd        httpd                                "httpd-foreground"       3 months ago        Exited (255) 2 months ago    0.0.0.0:8081->80/tcp                       ApacheContainerTest
6f039662992a        httpd                                "httpd-foreground"       3 months ago        Exited (255) 2 months ago    0.0.0.0:8080->80/tcp                       adoring_mirzakhani
d79d89d5a2bd        httpd                                "httpd-foreground"       3 months ago        Exited (0) 3 months ago                                                 youthful_mestorf
d019b8e80705        kitematic/hello-world-nginx:latest   "sh /start.sh"           3 months ago        Exited (255) 2 months ago    0.0.0.0:32769->80/tcp                      hello-world-nginx
418955b7c701        hello-world                          "/hello"                 3 months ago        Exited (0) 3 months ago                                                 frosty_leakey
IMAC-TX27:proyecto-docker eduh$ docker ps -all
CONTAINER ID        IMAGE               COMMAND              CREATED             STATUS              PORTS                NAMES
b4b6007c19b3        apachegithub        "httpd-foreground"   2 minutes ago       Up 2 minutes        0.0.0.0:80->80/tcp   kind_dirac
IMAC-TX27:proyecto-docker eduh$ docker ps
CONTAINER ID        IMAGE               COMMAND              CREATED             STATUS              PORTS                NAMES
b4b6007c19b3        apachegithub        "httpd-foreground"   2 minutes ago       Up 2 minutes        0.0.0.0:80->80/tcp   kind_dirac
IMAC-TX27:proyecto-docker eduh$ 
IMAC-TX27:proyecto-docker eduh$ 
IMAC-TX27:proyecto-docker eduh$ docker exec -it b4b6007c19b3 /bin/bash
root@b4b6007c19b3:/usr/local/apache2# 
root@b4b6007c19b3:/usr/local/apache2# apt update
Hit:1 http://deb.debian.org/debian buster InRelease
Hit:2 http://deb.debian.org/debian buster-updates InRelease
Hit:3 http://security-cdn.debian.org/debian-security buster/updates InRelease
Reading package lists... Done
Building dependency tree       
Reading state information... Done
All packages are up to date.
root@b4b6007c19b3:/usr/local/apache2# apt install git
Reading package lists... Done
Building dependency tree       
Reading state information... Done
The following package was automatically installed and is no longer required:
  lsb-base
Use 'apt autoremove' to remove it.
The following additional packages will be installed:
  ca-certificates git-man less libbsd0 libcurl3-gnutls libedit2 liberror-perl libgdbm-compat4 libpcre2-8-0 libperl5.28 libx11-6
  libx11-data libxau6 libxcb1 libxdmcp6 libxext6 libxmuu1 netbase openssh-client openssl patch perl perl-modules-5.28 xauth
Suggested packages:
  gettext-base git-daemon-run | git-daemon-sysvinit git-doc git-el git-email git-gui gitk gitweb git-cvs git-mediawiki git-svn
  sensible-utils keychain libpam-ssh monkeysphere ssh-askpass ed diffutils-doc perl-doc libterm-readline-gnu-perl
  | libterm-readline-perl-perl make libb-debug-perl liblocale-codes-perl
The following NEW packages will be installed:
  ca-certificates git git-man less libbsd0 libcurl3-gnutls libedit2 liberror-perl libgdbm-compat4 libpcre2-8-0 libperl5.28 libx11-6
  libx11-data libxau6 libxcb1 libxdmcp6 libxext6 libxmuu1 netbase openssh-client openssl patch perl perl-modules-5.28 xauth
0 upgraded, 25 newly installed, 0 to remove and 0 not upgraded.
Need to get 18.4 MB of archives.
After this operation, 96.6 MB of additional disk space will be used.
Do you want to continue? [Y/n] Y
Get:1 http://deb.debian.org/debian buster/main amd64 perl-modules-5.28 all 5.28.1-6 [2873 kB]
Get:2 http://security-cdn.debian.org/debian-security buster/updates/main amd64 git-man all 1:2.20.1-2+deb10u1 [1620 kB]
Get:4 http://deb.debian.org/debian buster/main amd64 libgdbm-compat4 amd64 1.18.1-4 [44.1 kB]
Get:5 http://deb.debian.org/debian buster/main amd64 libperl5.28 amd64 5.28.1-6 [3883 kB]
Get:6 http://deb.debian.org/debian buster/main amd64 perl amd64 5.28.1-6 [204 kB]
Get:7 http://deb.debian.org/debian buster/main amd64 less amd64 487-0.1+b1 [129 kB]
Get:8 http://deb.debian.org/debian buster/main amd64 netbase all 5.6 [19.4 kB]
Get:9 http://deb.debian.org/debian buster/main amd64 libbsd0 amd64 0.9.1-2 [99.5 kB]
Get:10 http://deb.debian.org/debian buster/main amd64 libedit2 amd64 3.1-20181209-1 [94.0 kB]
Get:11 http://deb.debian.org/debian buster/main amd64 openssh-client amd64 1:7.9p1-10+deb10u1 [782 kB]
Get:12 http://deb.debian.org/debian buster/main amd64 openssl amd64 1.1.1d-0+deb10u2 [843 kB]
Get:13 http://deb.debian.org/debian buster/main amd64 ca-certificates all 20190110 [157 kB]
Get:14 http://deb.debian.org/debian buster/main amd64 libcurl3-gnutls amd64 7.64.0-4 [329 kB]
Get:15 http://deb.debian.org/debian buster/main amd64 libpcre2-8-0 amd64 10.32-5 [213 kB]
Get:16 http://deb.debian.org/debian buster/main amd64 liberror-perl all 0.17027-2 [30.9 kB]
Get:17 http://deb.debian.org/debian buster/main amd64 libxau6 amd64 1:1.0.8-1+b2 [19.9 kB]
Get:18 http://deb.debian.org/debian buster/main amd64 libxdmcp6 amd64 1:1.1.2-3 [26.3 kB]
Get:19 http://deb.debian.org/debian buster/main amd64 libxcb1 amd64 1.13.1-2 [137 kB]
Get:20 http://deb.debian.org/debian buster/main amd64 libx11-data all 2:1.6.7-1 [298 kB]
Get:21 http://deb.debian.org/debian buster/main amd64 libx11-6 amd64 2:1.6.7-1 [754 kB]
Get:22 http://deb.debian.org/debian buster/main amd64 libxext6 amd64 2:1.3.3-1+b2 [52.5 kB]
Get:23 http://deb.debian.org/debian buster/main amd64 libxmuu1 amd64 2:1.1.2-2+b3 [23.9 kB]
Get:24 http://deb.debian.org/debian buster/main amd64 patch amd64 2.7.6-3+deb10u1 [126 kB]
Get:25 http://deb.debian.org/debian buster/main amd64 xauth amd64 1:1.0.10-1 [40.3 kB]
Get:3 http://security-cdn.debian.org/debian-security buster/updates/main amd64 git amd64 1:2.20.1-2+deb10u1 [5620 kB]
Fetched 18.4 MB in 4s (5132 kB/s)
debconf: delaying package configuration, since apt-utils is not installed
Selecting previously unselected package perl-modules-5.28.
(Reading database ... 9712 files and directories currently installed.)
Preparing to unpack .../00-perl-modules-5.28_5.28.1-6_all.deb ...
Unpacking perl-modules-5.28 (5.28.1-6) ...
Selecting previously unselected package libgdbm-compat4:amd64.
Preparing to unpack .../01-libgdbm-compat4_1.18.1-4_amd64.deb ...
Unpacking libgdbm-compat4:amd64 (1.18.1-4) ...
Selecting previously unselected package libperl5.28:amd64.
Preparing to unpack .../02-libperl5.28_5.28.1-6_amd64.deb ...
Unpacking libperl5.28:amd64 (5.28.1-6) ...
Selecting previously unselected package perl.
Preparing to unpack .../03-perl_5.28.1-6_amd64.deb ...
Unpacking perl (5.28.1-6) ...
Selecting previously unselected package less.
Preparing to unpack .../04-less_487-0.1+b1_amd64.deb ...
Unpacking less (487-0.1+b1) ...
Selecting previously unselected package netbase.
Preparing to unpack .../05-netbase_5.6_all.deb ...
Unpacking netbase (5.6) ...
Selecting previously unselected package libbsd0:amd64.
Preparing to unpack .../06-libbsd0_0.9.1-2_amd64.deb ...
Unpacking libbsd0:amd64 (0.9.1-2) ...
Selecting previously unselected package libedit2:amd64.
Preparing to unpack .../07-libedit2_3.1-20181209-1_amd64.deb ...
Unpacking libedit2:amd64 (3.1-20181209-1) ...
Selecting previously unselected package openssh-client.
Preparing to unpack .../08-openssh-client_1%3a7.9p1-10+deb10u1_amd64.deb ...
Unpacking openssh-client (1:7.9p1-10+deb10u1) ...
Selecting previously unselected package openssl.
Preparing to unpack .../09-openssl_1.1.1d-0+deb10u2_amd64.deb ...
Unpacking openssl (1.1.1d-0+deb10u2) ...
Selecting previously unselected package ca-certificates.
Preparing to unpack .../10-ca-certificates_20190110_all.deb ...
Unpacking ca-certificates (20190110) ...
Selecting previously unselected package libcurl3-gnutls:amd64.
Preparing to unpack .../11-libcurl3-gnutls_7.64.0-4_amd64.deb ...
Unpacking libcurl3-gnutls:amd64 (7.64.0-4) ...
Selecting previously unselected package libpcre2-8-0:amd64.
Preparing to unpack .../12-libpcre2-8-0_10.32-5_amd64.deb ...
Unpacking libpcre2-8-0:amd64 (10.32-5) ...
Selecting previously unselected package liberror-perl.
Preparing to unpack .../13-liberror-perl_0.17027-2_all.deb ...
Unpacking liberror-perl (0.17027-2) ...
Selecting previously unselected package git-man.
Preparing to unpack .../14-git-man_1%3a2.20.1-2+deb10u1_all.deb ...
Unpacking git-man (1:2.20.1-2+deb10u1) ...
Selecting previously unselected package git.
Preparing to unpack .../15-git_1%3a2.20.1-2+deb10u1_amd64.deb ...
Unpacking git (1:2.20.1-2+deb10u1) ...
Selecting previously unselected package libxau6:amd64.
Preparing to unpack .../16-libxau6_1%3a1.0.8-1+b2_amd64.deb ...
Unpacking libxau6:amd64 (1:1.0.8-1+b2) ...
Selecting previously unselected package libxdmcp6:amd64.
Preparing to unpack .../17-libxdmcp6_1%3a1.1.2-3_amd64.deb ...
Unpacking libxdmcp6:amd64 (1:1.1.2-3) ...
Selecting previously unselected package libxcb1:amd64.
Preparing to unpack .../18-libxcb1_1.13.1-2_amd64.deb ...
Unpacking libxcb1:amd64 (1.13.1-2) ...
Selecting previously unselected package libx11-data.
Preparing to unpack .../19-libx11-data_2%3a1.6.7-1_all.deb ...
Unpacking libx11-data (2:1.6.7-1) ...
Selecting previously unselected package libx11-6:amd64.
Preparing to unpack .../20-libx11-6_2%3a1.6.7-1_amd64.deb ...
Unpacking libx11-6:amd64 (2:1.6.7-1) ...
Selecting previously unselected package libxext6:amd64.
Preparing to unpack .../21-libxext6_2%3a1.3.3-1+b2_amd64.deb ...
Unpacking libxext6:amd64 (2:1.3.3-1+b2) ...
Selecting previously unselected package libxmuu1:amd64.
Preparing to unpack .../22-libxmuu1_2%3a1.1.2-2+b3_amd64.deb ...
Unpacking libxmuu1:amd64 (2:1.1.2-2+b3) ...
Selecting previously unselected package patch.
Preparing to unpack .../23-patch_2.7.6-3+deb10u1_amd64.deb ...
Unpacking patch (2.7.6-3+deb10u1) ...
Selecting previously unselected package xauth.
Preparing to unpack .../24-xauth_1%3a1.0.10-1_amd64.deb ...
Unpacking xauth (1:1.0.10-1) ...
Setting up perl-modules-5.28 (5.28.1-6) ...
Setting up libxau6:amd64 (1:1.0.8-1+b2) ...
Setting up less (487-0.1+b1) ...
debconf: unable to initialize frontend: Dialog
debconf: (No usable dialog-like program is installed, so the dialog based frontend cannot be used. at /usr/share/perl5/Debconf/FrontEnd/Dialog.pm line 76.)
debconf: falling back to frontend: Readline
Setting up libcurl3-gnutls:amd64 (7.64.0-4) ...
Setting up libx11-data (2:1.6.7-1) ...
Setting up patch (2.7.6-3+deb10u1) ...
Setting up libgdbm-compat4:amd64 (1.18.1-4) ...
Setting up libpcre2-8-0:amd64 (10.32-5) ...
Setting up libperl5.28:amd64 (5.28.1-6) ...
Setting up git-man (1:2.20.1-2+deb10u1) ...
Setting up netbase (5.6) ...
Setting up openssl (1.1.1d-0+deb10u2) ...
Setting up libbsd0:amd64 (0.9.1-2) ...
Setting up libxdmcp6:amd64 (1:1.1.2-3) ...
Setting up libxcb1:amd64 (1.13.1-2) ...
Setting up libedit2:amd64 (3.1-20181209-1) ...
Setting up ca-certificates (20190110) ...
debconf: unable to initialize frontend: Dialog
debconf: (No usable dialog-like program is installed, so the dialog based frontend cannot be used. at /usr/share/perl5/Debconf/FrontEnd/Dialog.pm line 76.)
debconf: falling back to frontend: Readline
Updating certificates in /etc/ssl/certs...
128 added, 0 removed; done.
Setting up perl (5.28.1-6) ...
Setting up libx11-6:amd64 (2:1.6.7-1) ...
Setting up libxmuu1:amd64 (2:1.1.2-2+b3) ...
Setting up openssh-client (1:7.9p1-10+deb10u1) ...
Setting up libxext6:amd64 (2:1.3.3-1+b2) ...
Setting up liberror-perl (0.17027-2) ...
Setting up git (1:2.20.1-2+deb10u1) ...
Setting up xauth (1:1.0.10-1) ...
Processing triggers for libc-bin (2.28-10) ...
Processing triggers for ca-certificates (20190110) ...
Updating certificates in /etc/ssl/certs...
0 added, 0 removed; done.
Running hooks in /etc/ca-certificates/update.d...
done.
root@b4b6007c19b3:/usr/local/apache2# git clone https://github.com/deaw-birt/proyecto-html.git /usr/local/apache2/htdocs/proyecto
Cloning into '/usr/local/apache2/htdocs/proyecto'...
remote: Enumerating objects: 10, done.
remote: Counting objects: 100% (10/10), done.
remote: Compressing objects: 100% (8/8), done.
remote: Total 10 (delta 1), reused 5 (delta 1), pack-reused 0
Unpacking objects: 100% (10/10), done.
root@b4b6007c19b3:/usr/local/apache2# git clone git@github.com:deaw-birt/proyecto-html.git /usr/local/apache2/htdocs/proyecto-ssh
Cloning into '/usr/local/apache2/htdocs/proyecto-ssh'...
The authenticity of host 'github.com (140.82.118.3)' can't be established.
RSA key fingerprint is SHA256:nThbg6kXUpJWGl7E1IGOCspRomTxdCARLviKw6E5SY8.
Are you sure you want to continue connecting (yes/no)? yes
Warning: Permanently added 'github.com,140.82.118.3' (RSA) to the list of known hosts.
git@github.com: Permission denied (publickey).
fatal: Could not read from remote repository.

Please make sure you have the correct access rights
and the repository exists.
root@b4b6007c19b3:/usr/local/apache2# 
root@b4b6007c19b3:/usr/local/apache2# 
root@b4b6007c19b3:/usr/local/apache2# exit
exit
IMAC-TX27:proyecto-docker eduh$ pwd
/Users/eduardohernandez/Documents/ulhi/docker/UD03/DEAW03_TA3/proyecto-docker/proyecto-docker
IMAC-TX27:proyecto-docker eduh$ ls
Dockerfile		edhernandez.html	id_rsa			index.html
IMAC-TX27:proyecto-docker eduh$ docker cp id_rsa b4b6007c19b3:/usr/local/apache2/htdocs
IMAC-TX27:proyecto-docker eduh$ docker exec -it b4b6007c19b3 /bin/bash
root@b4b6007c19b3:/usr/local/apache2# apt install ssh
Reading package lists... Done
Building dependency tree       
Reading state information... Done
The following additional packages will be installed:
  dbus dmsetup libapparmor1 libargon2-1 libcap2 libcryptsetup12 libdbus-1-3 libdevmapper1.02.1 libgpm2 libidn11 libip4tc0 libjson-c3
  libkmod2 libncurses6 libnss-systemd libpam-systemd libprocps7 libwrap0 ncurses-term openssh-server openssh-sftp-server procps psmisc
  sensible-utils systemd systemd-sysv ucf
Suggested packages:
  default-dbus-session-bus | dbus-session-bus gpm molly-guard monkeysphere rssh ssh-askpass ufw systemd-container policykit-1
The following NEW packages will be installed:
  dbus dmsetup libapparmor1 libargon2-1 libcap2 libcryptsetup12 libdbus-1-3 libdevmapper1.02.1 libgpm2 libidn11 libip4tc0 libjson-c3
  libkmod2 libncurses6 libnss-systemd libpam-systemd libprocps7 libwrap0 ncurses-term openssh-server openssh-sftp-server procps psmisc
  sensible-utils ssh systemd systemd-sysv ucf
0 upgraded, 28 newly installed, 0 to remove and 0 not upgraded.
Need to get 7095 kB of archives.
After this operation, 26.3 MB of additional disk space will be used.
Do you want to continue? [Y/n] Y
Get:1 http://deb.debian.org/debian buster/main amd64 libapparmor1 amd64 2.13.2-10 [94.7 kB]
Get:2 http://deb.debian.org/debian buster/main amd64 libcap2 amd64 1:2.25-2 [17.6 kB]
Get:3 http://deb.debian.org/debian buster/main amd64 libargon2-1 amd64 0~20171227-0.2 [19.6 kB]
Get:4 http://deb.debian.org/debian buster/main amd64 dmsetup amd64 2:1.02.155-3 [90.8 kB]
Get:5 http://deb.debian.org/debian buster/main amd64 libdevmapper1.02.1 amd64 2:1.02.155-3 [141 kB]
Get:6 http://deb.debian.org/debian buster/main amd64 libjson-c3 amd64 0.12.1+ds-2 [26.9 kB]
Get:7 http://deb.debian.org/debian buster/main amd64 libcryptsetup12 amd64 2:2.1.0-5+deb10u2 [193 kB]
Get:8 http://deb.debian.org/debian buster/main amd64 libidn11 amd64 1.33-2.2 [116 kB]
Get:9 http://deb.debian.org/debian buster/main amd64 libip4tc0 amd64 1.8.2-4 [70.2 kB]
Get:10 http://deb.debian.org/debian buster/main amd64 libkmod2 amd64 26-1 [52.7 kB]
Get:11 http://deb.debian.org/debian buster/main amd64 systemd amd64 241-7~deb10u2 [3497 kB]
Get:12 http://deb.debian.org/debian buster/main amd64 systemd-sysv amd64 241-7~deb10u2 [99.3 kB]
Get:13 http://deb.debian.org/debian buster/main amd64 openssh-sftp-server amd64 1:7.9p1-10+deb10u1 [44.6 kB]
Get:14 http://deb.debian.org/debian buster/main amd64 libncurses6 amd64 6.1+20181013-2+deb10u2 [102 kB]
Get:15 http://deb.debian.org/debian buster/main amd64 libprocps7 amd64 2:3.3.15-2 [61.7 kB]
Get:16 http://deb.debian.org/debian buster/main amd64 procps amd64 2:3.3.15-2 [259 kB]
Get:17 http://deb.debian.org/debian buster/main amd64 sensible-utils all 0.0.12 [15.8 kB]
Get:18 http://deb.debian.org/debian buster/main amd64 ucf all 3.0038+nmu1 [69.0 kB]
Get:19 http://deb.debian.org/debian buster/main amd64 libwrap0 amd64 7.6.q-28 [58.7 kB]
Get:20 http://deb.debian.org/debian buster/main amd64 openssh-server amd64 1:7.9p1-10+deb10u1 [352 kB]
Get:21 http://deb.debian.org/debian buster/main amd64 ssh all 1:7.9p1-10+deb10u1 [202 kB]
Get:22 http://deb.debian.org/debian buster/main amd64 libdbus-1-3 amd64 1.12.16-1 [214 kB]
Get:23 http://deb.debian.org/debian buster/main amd64 dbus amd64 1.12.16-1 [235 kB]
Get:24 http://deb.debian.org/debian buster/main amd64 libnss-systemd amd64 241-7~deb10u2 [204 kB]
Get:25 http://deb.debian.org/debian buster/main amd64 libpam-systemd amd64 241-7~deb10u2 [208 kB]
Get:26 http://deb.debian.org/debian buster/main amd64 ncurses-term all 6.1+20181013-2+deb10u2 [490 kB]
Get:27 http://deb.debian.org/debian buster/main amd64 libgpm2 amd64 1.20.7-5 [35.1 kB]
Get:28 http://deb.debian.org/debian buster/main amd64 psmisc amd64 23.2-1 [126 kB]
Fetched 7095 kB in 1s (9323 kB/s)
debconf: delaying package configuration, since apt-utils is not installed
Selecting previously unselected package libapparmor1:amd64.
(Reading database ... 13318 files and directories currently installed.)
Preparing to unpack .../00-libapparmor1_2.13.2-10_amd64.deb ...
Unpacking libapparmor1:amd64 (2.13.2-10) ...
Selecting previously unselected package libcap2:amd64.
Preparing to unpack .../01-libcap2_1%3a2.25-2_amd64.deb ...
Unpacking libcap2:amd64 (1:2.25-2) ...
Selecting previously unselected package libargon2-1:amd64.
Preparing to unpack .../02-libargon2-1_0~20171227-0.2_amd64.deb ...
Unpacking libargon2-1:amd64 (0~20171227-0.2) ...
Selecting previously unselected package dmsetup.
Preparing to unpack .../03-dmsetup_2%3a1.02.155-3_amd64.deb ...
Unpacking dmsetup (2:1.02.155-3) ...
Selecting previously unselected package libdevmapper1.02.1:amd64.
Preparing to unpack .../04-libdevmapper1.02.1_2%3a1.02.155-3_amd64.deb ...
Unpacking libdevmapper1.02.1:amd64 (2:1.02.155-3) ...
Selecting previously unselected package libjson-c3:amd64.
Preparing to unpack .../05-libjson-c3_0.12.1+ds-2_amd64.deb ...
Unpacking libjson-c3:amd64 (0.12.1+ds-2) ...
Selecting previously unselected package libcryptsetup12:amd64.
Preparing to unpack .../06-libcryptsetup12_2%3a2.1.0-5+deb10u2_amd64.deb ...
Unpacking libcryptsetup12:amd64 (2:2.1.0-5+deb10u2) ...
Selecting previously unselected package libidn11:amd64.
Preparing to unpack .../07-libidn11_1.33-2.2_amd64.deb ...
Unpacking libidn11:amd64 (1.33-2.2) ...
Selecting previously unselected package libip4tc0:amd64.
Preparing to unpack .../08-libip4tc0_1.8.2-4_amd64.deb ...
Unpacking libip4tc0:amd64 (1.8.2-4) ...
Selecting previously unselected package libkmod2:amd64.
Preparing to unpack .../09-libkmod2_26-1_amd64.deb ...
Unpacking libkmod2:amd64 (26-1) ...
Selecting previously unselected package systemd.
Preparing to unpack .../10-systemd_241-7~deb10u2_amd64.deb ...
Unpacking systemd (241-7~deb10u2) ...
Setting up libapparmor1:amd64 (2.13.2-10) ...
Setting up libcap2:amd64 (1:2.25-2) ...
Setting up libargon2-1:amd64 (0~20171227-0.2) ...
Setting up libjson-c3:amd64 (0.12.1+ds-2) ...
Setting up libidn11:amd64 (1.33-2.2) ...
Setting up libip4tc0:amd64 (1.8.2-4) ...
Setting up libkmod2:amd64 (26-1) ...
Setting up libdevmapper1.02.1:amd64 (2:1.02.155-3) ...
Setting up libcryptsetup12:amd64 (2:2.1.0-5+deb10u2) ...
Setting up systemd (241-7~deb10u2) ...
Created symlink /etc/systemd/system/getty.target.wants/getty@tty1.service → /lib/systemd/system/getty@.service.
Created symlink /etc/systemd/system/multi-user.target.wants/remote-fs.target → /lib/systemd/system/remote-fs.target.
Created symlink /etc/systemd/system/dbus-org.freedesktop.timesync1.service → /lib/systemd/system/systemd-timesyncd.service.
Created symlink /etc/systemd/system/sysinit.target.wants/systemd-timesyncd.service → /lib/systemd/system/systemd-timesyncd.service.
Setting up dmsetup (2:1.02.155-3) ...
Selecting previously unselected package systemd-sysv.
(Reading database ... 14160 files and directories currently installed.)
Preparing to unpack .../00-systemd-sysv_241-7~deb10u2_amd64.deb ...
Unpacking systemd-sysv (241-7~deb10u2) ...
Selecting previously unselected package openssh-sftp-server.
Preparing to unpack .../01-openssh-sftp-server_1%3a7.9p1-10+deb10u1_amd64.deb ...
Unpacking openssh-sftp-server (1:7.9p1-10+deb10u1) ...
Selecting previously unselected package libncurses6:amd64.
Preparing to unpack .../02-libncurses6_6.1+20181013-2+deb10u2_amd64.deb ...
Unpacking libncurses6:amd64 (6.1+20181013-2+deb10u2) ...
Selecting previously unselected package libprocps7:amd64.
Preparing to unpack .../03-libprocps7_2%3a3.3.15-2_amd64.deb ...
Unpacking libprocps7:amd64 (2:3.3.15-2) ...
Selecting previously unselected package procps.
Preparing to unpack .../04-procps_2%3a3.3.15-2_amd64.deb ...
Unpacking procps (2:3.3.15-2) ...
Selecting previously unselected package sensible-utils.
Preparing to unpack .../05-sensible-utils_0.0.12_all.deb ...
Unpacking sensible-utils (0.0.12) ...
Selecting previously unselected package ucf.
Preparing to unpack .../06-ucf_3.0038+nmu1_all.deb ...
Moving old data out of the way
Unpacking ucf (3.0038+nmu1) ...
Selecting previously unselected package libwrap0:amd64.
Preparing to unpack .../07-libwrap0_7.6.q-28_amd64.deb ...
Unpacking libwrap0:amd64 (7.6.q-28) ...
Selecting previously unselected package openssh-server.
Preparing to unpack .../08-openssh-server_1%3a7.9p1-10+deb10u1_amd64.deb ...
Unpacking openssh-server (1:7.9p1-10+deb10u1) ...
Selecting previously unselected package ssh.
Preparing to unpack .../09-ssh_1%3a7.9p1-10+deb10u1_all.deb ...
Unpacking ssh (1:7.9p1-10+deb10u1) ...
Selecting previously unselected package libdbus-1-3:amd64.
Preparing to unpack .../10-libdbus-1-3_1.12.16-1_amd64.deb ...
Unpacking libdbus-1-3:amd64 (1.12.16-1) ...
Selecting previously unselected package dbus.
Preparing to unpack .../11-dbus_1.12.16-1_amd64.deb ...
Unpacking dbus (1.12.16-1) ...
Selecting previously unselected package libnss-systemd:amd64.
Preparing to unpack .../12-libnss-systemd_241-7~deb10u2_amd64.deb ...
Unpacking libnss-systemd:amd64 (241-7~deb10u2) ...
Selecting previously unselected package libpam-systemd:amd64.
Preparing to unpack .../13-libpam-systemd_241-7~deb10u2_amd64.deb ...
Unpacking libpam-systemd:amd64 (241-7~deb10u2) ...
Selecting previously unselected package ncurses-term.
Preparing to unpack .../14-ncurses-term_6.1+20181013-2+deb10u2_all.deb ...
Unpacking ncurses-term (6.1+20181013-2+deb10u2) ...
Selecting previously unselected package libgpm2:amd64.
Preparing to unpack .../15-libgpm2_1.20.7-5_amd64.deb ...
Unpacking libgpm2:amd64 (1.20.7-5) ...
Selecting previously unselected package psmisc.
Preparing to unpack .../16-psmisc_23.2-1_amd64.deb ...
Unpacking psmisc (23.2-1) ...
Setting up openssh-sftp-server (1:7.9p1-10+deb10u1) ...
Setting up systemd-sysv (241-7~deb10u2) ...
Setting up libgpm2:amd64 (1.20.7-5) ...
Setting up psmisc (23.2-1) ...
Setting up libprocps7:amd64 (2:3.3.15-2) ...
Setting up libnss-systemd:amd64 (241-7~deb10u2) ...
First installation detected...
Checking NSS setup...
Setting up libwrap0:amd64 (7.6.q-28) ...
Setting up libncurses6:amd64 (6.1+20181013-2+deb10u2) ...
Setting up libdbus-1-3:amd64 (1.12.16-1) ...
Setting up dbus (1.12.16-1) ...
invoke-rc.d: could not determine current runlevel
invoke-rc.d: policy-rc.d denied execution of start.
Setting up sensible-utils (0.0.12) ...
Setting up procps (2:3.3.15-2) ...
update-alternatives: using /usr/bin/w.procps to provide /usr/bin/w (w) in auto mode
update-alternatives: warning: skip creation of /usr/share/man/man1/w.1.gz because associated file /usr/share/man/man1/w.procps.1.gz (of link group w) doesn't exist
Setting up libpam-systemd:amd64 (241-7~deb10u2) ...
debconf: unable to initialize frontend: Dialog
debconf: (No usable dialog-like program is installed, so the dialog based frontend cannot be used. at /usr/share/perl5/Debconf/FrontEnd/Dialog.pm line 76.)
debconf: falling back to frontend: Readline
Setting up ncurses-term (6.1+20181013-2+deb10u2) ...
Setting up ucf (3.0038+nmu1) ...
debconf: unable to initialize frontend: Dialog
debconf: (No usable dialog-like program is installed, so the dialog based frontend cannot be used. at /usr/share/perl5/Debconf/FrontEnd/Dialog.pm line 76.)
debconf: falling back to frontend: Readline
Setting up openssh-server (1:7.9p1-10+deb10u1) ...
debconf: unable to initialize frontend: Dialog
debconf: (No usable dialog-like program is installed, so the dialog based frontend cannot be used. at /usr/share/perl5/Debconf/FrontEnd/Dialog.pm line 76.)
debconf: falling back to frontend: Readline

Creating config file /etc/ssh/sshd_config with new version
Creating SSH2 RSA key; this may take some time ...
2048 SHA256:qG8b0rNlmumgzCb1ixfgRKV4rYF/Vax8ixzIDFkZbtw root@b4b6007c19b3 (RSA)
Creating SSH2 ECDSA key; this may take some time ...
256 SHA256:EojL4Ken7H0+tCynPr4i10ufsUDzS9bNViigR4XUPmA root@b4b6007c19b3 (ECDSA)
Creating SSH2 ED25519 key; this may take some time ...
256 SHA256:OqohTzZs1tov3g3tc404/P08hK359fqYfP6uAKKbXNk root@b4b6007c19b3 (ED25519)
Created symlink /etc/systemd/system/sshd.service → /lib/systemd/system/ssh.service.
Created symlink /etc/systemd/system/multi-user.target.wants/ssh.service → /lib/systemd/system/ssh.service.
invoke-rc.d: could not determine current runlevel
invoke-rc.d: policy-rc.d denied execution of start.
Setting up ssh (1:7.9p1-10+deb10u1) ...
Processing triggers for systemd (241-7~deb10u2) ...
Processing triggers for libc-bin (2.28-10) ...
root@b4b6007c19b3:/usr/local/apache2# eval $(ssh-agent -s)
Agent pid 3652
root@b4b6007c19b3:/usr/local/apache2# chmod 700 /usr/local/apache2/htdocs/ 
id_rsa      index.html  proyecto/   
root@b4b6007c19b3:/usr/local/apache2# chmod 700 /usr/local/apache2/htdocs/
id_rsa      index.html  proyecto/   
root@b4b6007c19b3:/usr/local/apache2# chmod 700 /usr/local/apache2/htdocs/id_rsa 
root@b4b6007c19b3:/usr/local/apache2# ssh-add ruta-clav
ruta-clav: No such file or directory
root@b4b6007c19b3:/usr/local/apache2# ssh-add /usr/local/apache2/htdocs/id_rsa 
Identity added: /usr/local/apache2/htdocs/id_rsa (/usr/local/apache2/htdocs/id_rsa)
root@b4b6007c19b3:/usr/local/apache2# exit             
exit
IMAC-TX27:proyecto-docker eduh$ docker ps
CONTAINER ID        IMAGE               COMMAND              CREATED             STATUS              PORTS                NAMES
b4b6007c19b3        apachegithub        "httpd-foreground"   19 minutes ago      Up 19 minutes       0.0.0.0:80->80/tcp   kind_dirac
IMAC-TX27:proyecto-docker eduh$ docker stop apachegithub
Error response from daemon: No such container: apachegithub
IMAC-TX27:proyecto-docker eduh$ docker stop kind_dirac
kind_dirac
IMAC-TX27:proyecto-docker eduh$ 
IMAC-TX27:proyecto-docker eduh$ 
IMAC-TX27:proyecto-docker eduh$ docker build -t apachegithubfinal .
Sending build context to Docker daemon  86.53kB
Step 1/7 : FROM httpd:2.4
 ---> c2aa7e16edd8
Step 2/7 : LABEL 	version="1.0" 	description="Apache2 + nano + index.html" 	creationDate="23-11-2019" 	maintainer="Nora San Saturnino <nsansaturnino@birt.eus>"
 ---> Using cache
 ---> 8dbd7dc01b04
Step 3/7 : RUN     apt-get update     && apt-get install ssh --yes     && apt-get install git --yes
 ---> Running in fa329e1b4afa
Get:1 http://deb.debian.org/debian buster InRelease [122 kB]
Get:3 http://deb.debian.org/debian buster-updates InRelease [49.3 kB]
Get:2 http://security-cdn.debian.org/debian-security buster/updates InRelease [65.4 kB]
Get:4 http://deb.debian.org/debian buster/main amd64 Packages [7908 kB]
Get:5 http://deb.debian.org/debian buster-updates/main amd64 Packages [5792 B]
Get:6 http://security-cdn.debian.org/debian-security buster/updates/main amd64 Packages [169 kB]
Fetched 8319 kB in 3s (3266 kB/s)
Reading package lists...
Reading package lists...
Building dependency tree...
Reading state information...
The following additional packages will be installed:
  dbus dmsetup libapparmor1 libargon2-1 libbsd0 libcap2 libcryptsetup12
  libdbus-1-3 libdevmapper1.02.1 libedit2 libgpm2 libidn11 libip4tc0
  libjson-c3 libkmod2 libncurses6 libnss-systemd libpam-systemd libprocps7
  libwrap0 libx11-6 libx11-data libxau6 libxcb1 libxdmcp6 libxext6 libxmuu1
  ncurses-term openssh-client openssh-server openssh-sftp-server procps psmisc
  sensible-utils systemd systemd-sysv ucf xauth
Suggested packages:
  default-dbus-session-bus | dbus-session-bus gpm keychain libpam-ssh
  monkeysphere ssh-askpass molly-guard rssh ufw systemd-container policykit-1
The following NEW packages will be installed:
  dbus dmsetup libapparmor1 libargon2-1 libbsd0 libcap2 libcryptsetup12
  libdbus-1-3 libdevmapper1.02.1 libedit2 libgpm2 libidn11 libip4tc0
  libjson-c3 libkmod2 libncurses6 libnss-systemd libpam-systemd libprocps7
  libwrap0 libx11-6 libx11-data libxau6 libxcb1 libxdmcp6 libxext6 libxmuu1
  ncurses-term openssh-client openssh-server openssh-sftp-server procps psmisc
  sensible-utils ssh systemd systemd-sysv ucf xauth
0 upgraded, 39 newly installed, 0 to remove and 0 not upgraded.
Need to get 9422 kB of archives.
After this operation, 34.4 MB of additional disk space will be used.
Get:1 http://deb.debian.org/debian buster/main amd64 libapparmor1 amd64 2.13.2-10 [94.7 kB]
Get:2 http://deb.debian.org/debian buster/main amd64 libcap2 amd64 1:2.25-2 [17.6 kB]
Get:3 http://deb.debian.org/debian buster/main amd64 libargon2-1 amd64 0~20171227-0.2 [19.6 kB]
Get:4 http://deb.debian.org/debian buster/main amd64 dmsetup amd64 2:1.02.155-3 [90.8 kB]
Get:5 http://deb.debian.org/debian buster/main amd64 libdevmapper1.02.1 amd64 2:1.02.155-3 [141 kB]
Get:6 http://deb.debian.org/debian buster/main amd64 libjson-c3 amd64 0.12.1+ds-2 [26.9 kB]
Get:7 http://deb.debian.org/debian buster/main amd64 libcryptsetup12 amd64 2:2.1.0-5+deb10u2 [193 kB]
Get:8 http://deb.debian.org/debian buster/main amd64 libidn11 amd64 1.33-2.2 [116 kB]
Get:9 http://deb.debian.org/debian buster/main amd64 libip4tc0 amd64 1.8.2-4 [70.2 kB]
Get:10 http://deb.debian.org/debian buster/main amd64 libkmod2 amd64 26-1 [52.7 kB]
Get:11 http://deb.debian.org/debian buster/main amd64 systemd amd64 241-7~deb10u2 [3497 kB]
Get:12 http://deb.debian.org/debian buster/main amd64 systemd-sysv amd64 241-7~deb10u2 [99.3 kB]
Get:13 http://deb.debian.org/debian buster/main amd64 libbsd0 amd64 0.9.1-2 [99.5 kB]
Get:14 http://deb.debian.org/debian buster/main amd64 libedit2 amd64 3.1-20181209-1 [94.0 kB]
Get:15 http://deb.debian.org/debian buster/main amd64 openssh-client amd64 1:7.9p1-10+deb10u1 [782 kB]
Get:16 http://deb.debian.org/debian buster/main amd64 openssh-sftp-server amd64 1:7.9p1-10+deb10u1 [44.6 kB]
Get:17 http://deb.debian.org/debian buster/main amd64 libncurses6 amd64 6.1+20181013-2+deb10u2 [102 kB]
Get:18 http://deb.debian.org/debian buster/main amd64 libprocps7 amd64 2:3.3.15-2 [61.7 kB]
Get:19 http://deb.debian.org/debian buster/main amd64 procps amd64 2:3.3.15-2 [259 kB]
Get:20 http://deb.debian.org/debian buster/main amd64 sensible-utils all 0.0.12 [15.8 kB]
Get:21 http://deb.debian.org/debian buster/main amd64 ucf all 3.0038+nmu1 [69.0 kB]
Get:22 http://deb.debian.org/debian buster/main amd64 libwrap0 amd64 7.6.q-28 [58.7 kB]
Get:23 http://deb.debian.org/debian buster/main amd64 openssh-server amd64 1:7.9p1-10+deb10u1 [352 kB]
Get:24 http://deb.debian.org/debian buster/main amd64 ssh all 1:7.9p1-10+deb10u1 [202 kB]
Get:25 http://deb.debian.org/debian buster/main amd64 libdbus-1-3 amd64 1.12.16-1 [214 kB]
Get:26 http://deb.debian.org/debian buster/main amd64 dbus amd64 1.12.16-1 [235 kB]
Get:27 http://deb.debian.org/debian buster/main amd64 libnss-systemd amd64 241-7~deb10u2 [204 kB]
Get:28 http://deb.debian.org/debian buster/main amd64 libpam-systemd amd64 241-7~deb10u2 [208 kB]
Get:29 http://deb.debian.org/debian buster/main amd64 ncurses-term all 6.1+20181013-2+deb10u2 [490 kB]
Get:30 http://deb.debian.org/debian buster/main amd64 libgpm2 amd64 1.20.7-5 [35.1 kB]
Get:31 http://deb.debian.org/debian buster/main amd64 libxau6 amd64 1:1.0.8-1+b2 [19.9 kB]
Get:32 http://deb.debian.org/debian buster/main amd64 libxdmcp6 amd64 1:1.1.2-3 [26.3 kB]
Get:33 http://deb.debian.org/debian buster/main amd64 libxcb1 amd64 1.13.1-2 [137 kB]
Get:34 http://deb.debian.org/debian buster/main amd64 libx11-data all 2:1.6.7-1 [298 kB]
Get:35 http://deb.debian.org/debian buster/main amd64 libx11-6 amd64 2:1.6.7-1 [754 kB]
Get:36 http://deb.debian.org/debian buster/main amd64 libxext6 amd64 2:1.3.3-1+b2 [52.5 kB]
Get:37 http://deb.debian.org/debian buster/main amd64 libxmuu1 amd64 2:1.1.2-2+b3 [23.9 kB]
Get:38 http://deb.debian.org/debian buster/main amd64 psmisc amd64 23.2-1 [126 kB]
Get:39 http://deb.debian.org/debian buster/main amd64 xauth amd64 1:1.0.10-1 [40.3 kB]
debconf: delaying package configuration, since apt-utils is not installed
Fetched 9422 kB in 2s (4337 kB/s)
Selecting previously unselected package libapparmor1:amd64.
(Reading database ... 9610 files and directories currently installed.)
Preparing to unpack .../00-libapparmor1_2.13.2-10_amd64.deb ...
Unpacking libapparmor1:amd64 (2.13.2-10) ...
Selecting previously unselected package libcap2:amd64.
Preparing to unpack .../01-libcap2_1%3a2.25-2_amd64.deb ...
Unpacking libcap2:amd64 (1:2.25-2) ...
Selecting previously unselected package libargon2-1:amd64.
Preparing to unpack .../02-libargon2-1_0~20171227-0.2_amd64.deb ...
Unpacking libargon2-1:amd64 (0~20171227-0.2) ...
Selecting previously unselected package dmsetup.
Preparing to unpack .../03-dmsetup_2%3a1.02.155-3_amd64.deb ...
Unpacking dmsetup (2:1.02.155-3) ...
Selecting previously unselected package libdevmapper1.02.1:amd64.
Preparing to unpack .../04-libdevmapper1.02.1_2%3a1.02.155-3_amd64.deb ...
Unpacking libdevmapper1.02.1:amd64 (2:1.02.155-3) ...
Selecting previously unselected package libjson-c3:amd64.
Preparing to unpack .../05-libjson-c3_0.12.1+ds-2_amd64.deb ...
Unpacking libjson-c3:amd64 (0.12.1+ds-2) ...
Selecting previously unselected package libcryptsetup12:amd64.
Preparing to unpack .../06-libcryptsetup12_2%3a2.1.0-5+deb10u2_amd64.deb ...
Unpacking libcryptsetup12:amd64 (2:2.1.0-5+deb10u2) ...
Selecting previously unselected package libidn11:amd64.
Preparing to unpack .../07-libidn11_1.33-2.2_amd64.deb ...
Unpacking libidn11:amd64 (1.33-2.2) ...
Selecting previously unselected package libip4tc0:amd64.
Preparing to unpack .../08-libip4tc0_1.8.2-4_amd64.deb ...
Unpacking libip4tc0:amd64 (1.8.2-4) ...
Selecting previously unselected package libkmod2:amd64.
Preparing to unpack .../09-libkmod2_26-1_amd64.deb ...
Unpacking libkmod2:amd64 (26-1) ...
Selecting previously unselected package systemd.
Preparing to unpack .../10-systemd_241-7~deb10u2_amd64.deb ...
Unpacking systemd (241-7~deb10u2) ...
Setting up libapparmor1:amd64 (2.13.2-10) ...
Setting up libcap2:amd64 (1:2.25-2) ...
Setting up libargon2-1:amd64 (0~20171227-0.2) ...
Setting up libjson-c3:amd64 (0.12.1+ds-2) ...
Setting up libidn11:amd64 (1.33-2.2) ...
Setting up libip4tc0:amd64 (1.8.2-4) ...
Setting up libkmod2:amd64 (26-1) ...
Setting up libdevmapper1.02.1:amd64 (2:1.02.155-3) ...
Setting up libcryptsetup12:amd64 (2:2.1.0-5+deb10u2) ...
Setting up systemd (241-7~deb10u2) ...
Created symlink /etc/systemd/system/getty.target.wants/getty@tty1.service → /lib/systemd/system/getty@.service.
Created symlink /etc/systemd/system/multi-user.target.wants/remote-fs.target → /lib/systemd/system/remote-fs.target.
Created symlink /etc/systemd/system/dbus-org.freedesktop.timesync1.service → /lib/systemd/system/systemd-timesyncd.service.
Created symlink /etc/systemd/system/sysinit.target.wants/systemd-timesyncd.service → /lib/systemd/system/systemd-timesyncd.service.
Setting up dmsetup (2:1.02.155-3) ...
Selecting previously unselected package systemd-sysv.
(Reading database ... 10454 files and directories currently installed.)
Preparing to unpack .../00-systemd-sysv_241-7~deb10u2_amd64.deb ...
Unpacking systemd-sysv (241-7~deb10u2) ...
Selecting previously unselected package libbsd0:amd64.
Preparing to unpack .../01-libbsd0_0.9.1-2_amd64.deb ...
Unpacking libbsd0:amd64 (0.9.1-2) ...
Selecting previously unselected package libedit2:amd64.
Preparing to unpack .../02-libedit2_3.1-20181209-1_amd64.deb ...
Unpacking libedit2:amd64 (3.1-20181209-1) ...
Selecting previously unselected package openssh-client.
Preparing to unpack .../03-openssh-client_1%3a7.9p1-10+deb10u1_amd64.deb ...
Unpacking openssh-client (1:7.9p1-10+deb10u1) ...
Selecting previously unselected package openssh-sftp-server.
Preparing to unpack .../04-openssh-sftp-server_1%3a7.9p1-10+deb10u1_amd64.deb ...
Unpacking openssh-sftp-server (1:7.9p1-10+deb10u1) ...
Selecting previously unselected package libncurses6:amd64.
Preparing to unpack .../05-libncurses6_6.1+20181013-2+deb10u2_amd64.deb ...
Unpacking libncurses6:amd64 (6.1+20181013-2+deb10u2) ...
Selecting previously unselected package libprocps7:amd64.
Preparing to unpack .../06-libprocps7_2%3a3.3.15-2_amd64.deb ...
Unpacking libprocps7:amd64 (2:3.3.15-2) ...
Selecting previously unselected package procps.
Preparing to unpack .../07-procps_2%3a3.3.15-2_amd64.deb ...
Unpacking procps (2:3.3.15-2) ...
Selecting previously unselected package sensible-utils.
Preparing to unpack .../08-sensible-utils_0.0.12_all.deb ...
Unpacking sensible-utils (0.0.12) ...
Selecting previously unselected package ucf.
Preparing to unpack .../09-ucf_3.0038+nmu1_all.deb ...
Moving old data out of the way
Unpacking ucf (3.0038+nmu1) ...
Selecting previously unselected package libwrap0:amd64.
Preparing to unpack .../10-libwrap0_7.6.q-28_amd64.deb ...
Unpacking libwrap0:amd64 (7.6.q-28) ...
Selecting previously unselected package openssh-server.
Preparing to unpack .../11-openssh-server_1%3a7.9p1-10+deb10u1_amd64.deb ...
Unpacking openssh-server (1:7.9p1-10+deb10u1) ...
Selecting previously unselected package ssh.
Preparing to unpack .../12-ssh_1%3a7.9p1-10+deb10u1_all.deb ...
Unpacking ssh (1:7.9p1-10+deb10u1) ...
Selecting previously unselected package libdbus-1-3:amd64.
Preparing to unpack .../13-libdbus-1-3_1.12.16-1_amd64.deb ...
Unpacking libdbus-1-3:amd64 (1.12.16-1) ...
Selecting previously unselected package dbus.
Preparing to unpack .../14-dbus_1.12.16-1_amd64.deb ...
Unpacking dbus (1.12.16-1) ...
Selecting previously unselected package libnss-systemd:amd64.
Preparing to unpack .../15-libnss-systemd_241-7~deb10u2_amd64.deb ...
Unpacking libnss-systemd:amd64 (241-7~deb10u2) ...
Selecting previously unselected package libpam-systemd:amd64.
Preparing to unpack .../16-libpam-systemd_241-7~deb10u2_amd64.deb ...
Unpacking libpam-systemd:amd64 (241-7~deb10u2) ...
Selecting previously unselected package ncurses-term.
Preparing to unpack .../17-ncurses-term_6.1+20181013-2+deb10u2_all.deb ...
Unpacking ncurses-term (6.1+20181013-2+deb10u2) ...
Selecting previously unselected package libgpm2:amd64.
Preparing to unpack .../18-libgpm2_1.20.7-5_amd64.deb ...
Unpacking libgpm2:amd64 (1.20.7-5) ...
Selecting previously unselected package libxau6:amd64.
Preparing to unpack .../19-libxau6_1%3a1.0.8-1+b2_amd64.deb ...
Unpacking libxau6:amd64 (1:1.0.8-1+b2) ...
Selecting previously unselected package libxdmcp6:amd64.
Preparing to unpack .../20-libxdmcp6_1%3a1.1.2-3_amd64.deb ...
Unpacking libxdmcp6:amd64 (1:1.1.2-3) ...
Selecting previously unselected package libxcb1:amd64.
Preparing to unpack .../21-libxcb1_1.13.1-2_amd64.deb ...
Unpacking libxcb1:amd64 (1.13.1-2) ...
Selecting previously unselected package libx11-data.
Preparing to unpack .../22-libx11-data_2%3a1.6.7-1_all.deb ...
Unpacking libx11-data (2:1.6.7-1) ...
Selecting previously unselected package libx11-6:amd64.
Preparing to unpack .../23-libx11-6_2%3a1.6.7-1_amd64.deb ...
Unpacking libx11-6:amd64 (2:1.6.7-1) ...
Selecting previously unselected package libxext6:amd64.
Preparing to unpack .../24-libxext6_2%3a1.3.3-1+b2_amd64.deb ...
Unpacking libxext6:amd64 (2:1.3.3-1+b2) ...
Selecting previously unselected package libxmuu1:amd64.
Preparing to unpack .../25-libxmuu1_2%3a1.1.2-2+b3_amd64.deb ...
Unpacking libxmuu1:amd64 (2:1.1.2-2+b3) ...
Selecting previously unselected package psmisc.
Preparing to unpack .../26-psmisc_23.2-1_amd64.deb ...
Unpacking psmisc (23.2-1) ...
Selecting previously unselected package xauth.
Preparing to unpack .../27-xauth_1%3a1.0.10-1_amd64.deb ...
Unpacking xauth (1:1.0.10-1) ...
Setting up systemd-sysv (241-7~deb10u2) ...
Setting up libxau6:amd64 (1:1.0.8-1+b2) ...
Setting up libgpm2:amd64 (1.20.7-5) ...
Setting up psmisc (23.2-1) ...
Setting up libprocps7:amd64 (2:3.3.15-2) ...
Setting up libnss-systemd:amd64 (241-7~deb10u2) ...
First installation detected...
Checking NSS setup...
Setting up libwrap0:amd64 (7.6.q-28) ...
Setting up libx11-data (2:1.6.7-1) ...
Setting up libncurses6:amd64 (6.1+20181013-2+deb10u2) ...
Setting up libdbus-1-3:amd64 (1.12.16-1) ...
Setting up dbus (1.12.16-1) ...
invoke-rc.d: could not determine current runlevel
invoke-rc.d: policy-rc.d denied execution of start.
Setting up sensible-utils (0.0.12) ...
Setting up procps (2:3.3.15-2) ...
update-alternatives: using /usr/bin/w.procps to provide /usr/bin/w (w) in auto mode
update-alternatives: warning: skip creation of /usr/share/man/man1/w.1.gz because associated file /usr/share/man/man1/w.procps.1.gz (of link group w) doesn't exist
Setting up libpam-systemd:amd64 (241-7~deb10u2) ...
debconf: unable to initialize frontend: Dialog
debconf: (TERM is not set, so the dialog frontend is not usable.)
debconf: falling back to frontend: Readline
debconf: unable to initialize frontend: Readline
debconf: (Can't locate Term/ReadLine.pm in @INC (you may need to install the Term::ReadLine module) (@INC contains: /etc/perl /usr/local/lib/x86_64-linux-gnu/perl/5.28.1 /usr/local/share/perl/5.28.1 /usr/lib/x86_64-linux-gnu/perl5/5.28 /usr/share/perl5 /usr/lib/x86_64-linux-gnu/perl/5.28 /usr/share/perl/5.28 /usr/local/lib/site_perl /usr/lib/x86_64-linux-gnu/perl-base) at /usr/share/perl5/Debconf/FrontEnd/Readline.pm line 7.)
debconf: falling back to frontend: Teletype
Setting up libbsd0:amd64 (0.9.1-2) ...
Setting up ncurses-term (6.1+20181013-2+deb10u2) ...
Setting up libxdmcp6:amd64 (1:1.1.2-3) ...
Setting up libxcb1:amd64 (1.13.1-2) ...
Setting up libedit2:amd64 (3.1-20181209-1) ...
Setting up ucf (3.0038+nmu1) ...
debconf: unable to initialize frontend: Dialog
debconf: (TERM is not set, so the dialog frontend is not usable.)
debconf: falling back to frontend: Readline
debconf: unable to initialize frontend: Readline
debconf: (Can't locate Term/ReadLine.pm in @INC (you may need to install the Term::ReadLine module) (@INC contains: /etc/perl /usr/local/lib/x86_64-linux-gnu/perl/5.28.1 /usr/local/share/perl/5.28.1 /usr/lib/x86_64-linux-gnu/perl5/5.28 /usr/share/perl5 /usr/lib/x86_64-linux-gnu/perl/5.28 /usr/share/perl/5.28 /usr/local/lib/site_perl /usr/lib/x86_64-linux-gnu/perl-base) at /usr/share/perl5/Debconf/FrontEnd/Readline.pm line 7.)
debconf: falling back to frontend: Teletype
Setting up libx11-6:amd64 (2:1.6.7-1) ...
Setting up libxmuu1:amd64 (2:1.1.2-2+b3) ...
Setting up openssh-client (1:7.9p1-10+deb10u1) ...
Setting up libxext6:amd64 (2:1.3.3-1+b2) ...
Setting up xauth (1:1.0.10-1) ...
Setting up openssh-sftp-server (1:7.9p1-10+deb10u1) ...
Setting up openssh-server (1:7.9p1-10+deb10u1) ...
debconf: unable to initialize frontend: Dialog
debconf: (TERM is not set, so the dialog frontend is not usable.)
debconf: falling back to frontend: Readline
debconf: unable to initialize frontend: Readline
debconf: (Can't locate Term/ReadLine.pm in @INC (you may need to install the Term::ReadLine module) (@INC contains: /etc/perl /usr/local/lib/x86_64-linux-gnu/perl/5.28.1 /usr/local/share/perl/5.28.1 /usr/lib/x86_64-linux-gnu/perl5/5.28 /usr/share/perl5 /usr/lib/x86_64-linux-gnu/perl/5.28 /usr/share/perl/5.28 /usr/local/lib/site_perl /usr/lib/x86_64-linux-gnu/perl-base) at /usr/share/perl5/Debconf/FrontEnd/Readline.pm line 7.)
debconf: falling back to frontend: Teletype

Creating config file /etc/ssh/sshd_config with new version
Creating SSH2 RSA key; this may take some time ...
2048 SHA256:lpLetSoV9bBoOdcT2i1UPhcKD+FvOtOZutEIZW55RH0 root@fa329e1b4afa (RSA)
Creating SSH2 ECDSA key; this may take some time ...
256 SHA256:VmpKn3EpYS9SvWcmMgcksJGnwnGMqlUTrRqW/Ekc8VY root@fa329e1b4afa (ECDSA)
Creating SSH2 ED25519 key; this may take some time ...
256 SHA256:kIJXvYab31r9lysCcGHbrBQZnWKpEdVVQGkg/C5VonM root@fa329e1b4afa (ED25519)
Created symlink /etc/systemd/system/sshd.service → /lib/systemd/system/ssh.service.
Created symlink /etc/systemd/system/multi-user.target.wants/ssh.service → /lib/systemd/system/ssh.service.
invoke-rc.d: could not determine current runlevel
invoke-rc.d: policy-rc.d denied execution of start.
Setting up ssh (1:7.9p1-10+deb10u1) ...
Processing triggers for systemd (241-7~deb10u2) ...
Processing triggers for libc-bin (2.28-10) ...
Reading package lists...
Building dependency tree...
Reading state information...
The following additional packages will be installed:
  ca-certificates git-man less libcurl3-gnutls liberror-perl libgdbm-compat4
  libpcre2-8-0 libperl5.28 netbase openssl patch perl perl-modules-5.28
Suggested packages:
  gettext-base git-daemon-run | git-daemon-sysvinit git-doc git-el git-email
  git-gui gitk gitweb git-cvs git-mediawiki git-svn ed diffutils-doc perl-doc
  libterm-readline-gnu-perl | libterm-readline-perl-perl make libb-debug-perl
  liblocale-codes-perl
The following NEW packages will be installed:
  ca-certificates git git-man less libcurl3-gnutls liberror-perl
  libgdbm-compat4 libpcre2-8-0 libperl5.28 netbase openssl patch perl
  perl-modules-5.28
0 upgraded, 14 newly installed, 0 to remove and 0 not upgraded.
Need to get 16.1 MB of archives.
After this operation, 88.6 MB of additional disk space will be used.
Get:1 http://deb.debian.org/debian buster/main amd64 perl-modules-5.28 all 5.28.1-6 [2873 kB]
Get:2 http://security-cdn.debian.org/debian-security buster/updates/main amd64 git-man all 1:2.20.1-2+deb10u1 [1620 kB]
Get:4 http://deb.debian.org/debian buster/main amd64 libgdbm-compat4 amd64 1.18.1-4 [44.1 kB]
Get:5 http://deb.debian.org/debian buster/main amd64 libperl5.28 amd64 5.28.1-6 [3883 kB]
Get:3 http://security-cdn.debian.org/debian-security buster/updates/main amd64 git amd64 1:2.20.1-2+deb10u1 [5620 kB]
Get:6 http://deb.debian.org/debian buster/main amd64 perl amd64 5.28.1-6 [204 kB]
Get:7 http://deb.debian.org/debian buster/main amd64 less amd64 487-0.1+b1 [129 kB]
Get:8 http://deb.debian.org/debian buster/main amd64 netbase all 5.6 [19.4 kB]
Get:9 http://deb.debian.org/debian buster/main amd64 openssl amd64 1.1.1d-0+deb10u2 [843 kB]
Get:10 http://deb.debian.org/debian buster/main amd64 ca-certificates all 20190110 [157 kB]
Get:11 http://deb.debian.org/debian buster/main amd64 libcurl3-gnutls amd64 7.64.0-4 [329 kB]
Get:12 http://deb.debian.org/debian buster/main amd64 libpcre2-8-0 amd64 10.32-5 [213 kB]
Get:13 http://deb.debian.org/debian buster/main amd64 liberror-perl all 0.17027-2 [30.9 kB]
Get:14 http://deb.debian.org/debian buster/main amd64 patch amd64 2.7.6-3+deb10u1 [126 kB]
debconf: delaying package configuration, since apt-utils is not installed
Fetched 16.1 MB in 1s (10.9 MB/s)
Selecting previously unselected package perl-modules-5.28.
(Reading database ... 13900 files and directories currently installed.)
Preparing to unpack .../00-perl-modules-5.28_5.28.1-6_all.deb ...
Unpacking perl-modules-5.28 (5.28.1-6) ...
Selecting previously unselected package libgdbm-compat4:amd64.
Preparing to unpack .../01-libgdbm-compat4_1.18.1-4_amd64.deb ...
Unpacking libgdbm-compat4:amd64 (1.18.1-4) ...
Selecting previously unselected package libperl5.28:amd64.
Preparing to unpack .../02-libperl5.28_5.28.1-6_amd64.deb ...
Unpacking libperl5.28:amd64 (5.28.1-6) ...
Selecting previously unselected package perl.
Preparing to unpack .../03-perl_5.28.1-6_amd64.deb ...
Unpacking perl (5.28.1-6) ...
Selecting previously unselected package less.
Preparing to unpack .../04-less_487-0.1+b1_amd64.deb ...
Unpacking less (487-0.1+b1) ...
Selecting previously unselected package netbase.
Preparing to unpack .../05-netbase_5.6_all.deb ...
Unpacking netbase (5.6) ...
Selecting previously unselected package openssl.
Preparing to unpack .../06-openssl_1.1.1d-0+deb10u2_amd64.deb ...
Unpacking openssl (1.1.1d-0+deb10u2) ...
Selecting previously unselected package ca-certificates.
Preparing to unpack .../07-ca-certificates_20190110_all.deb ...
Unpacking ca-certificates (20190110) ...
Selecting previously unselected package libcurl3-gnutls:amd64.
Preparing to unpack .../08-libcurl3-gnutls_7.64.0-4_amd64.deb ...
Unpacking libcurl3-gnutls:amd64 (7.64.0-4) ...
Selecting previously unselected package libpcre2-8-0:amd64.
Preparing to unpack .../09-libpcre2-8-0_10.32-5_amd64.deb ...
Unpacking libpcre2-8-0:amd64 (10.32-5) ...
Selecting previously unselected package liberror-perl.
Preparing to unpack .../10-liberror-perl_0.17027-2_all.deb ...
Unpacking liberror-perl (0.17027-2) ...
Selecting previously unselected package git-man.
Preparing to unpack .../11-git-man_1%3a2.20.1-2+deb10u1_all.deb ...
Unpacking git-man (1:2.20.1-2+deb10u1) ...
Selecting previously unselected package git.
Preparing to unpack .../12-git_1%3a2.20.1-2+deb10u1_amd64.deb ...
Unpacking git (1:2.20.1-2+deb10u1) ...
Selecting previously unselected package patch.
Preparing to unpack .../13-patch_2.7.6-3+deb10u1_amd64.deb ...
Unpacking patch (2.7.6-3+deb10u1) ...
Setting up perl-modules-5.28 (5.28.1-6) ...
Setting up less (487-0.1+b1) ...
debconf: unable to initialize frontend: Dialog
debconf: (TERM is not set, so the dialog frontend is not usable.)
debconf: falling back to frontend: Readline
Setting up libcurl3-gnutls:amd64 (7.64.0-4) ...
Setting up patch (2.7.6-3+deb10u1) ...
Setting up libgdbm-compat4:amd64 (1.18.1-4) ...
Setting up libpcre2-8-0:amd64 (10.32-5) ...
Setting up libperl5.28:amd64 (5.28.1-6) ...
Setting up git-man (1:2.20.1-2+deb10u1) ...
Setting up netbase (5.6) ...
Setting up openssl (1.1.1d-0+deb10u2) ...
Setting up ca-certificates (20190110) ...
debconf: unable to initialize frontend: Dialog
debconf: (TERM is not set, so the dialog frontend is not usable.)
debconf: falling back to frontend: Readline
Updating certificates in /etc/ssl/certs...
128 added, 0 removed; done.
Setting up perl (5.28.1-6) ...
Setting up liberror-perl (0.17027-2) ...
Setting up git (1:2.20.1-2+deb10u1) ...
Processing triggers for libc-bin (2.28-10) ...
Processing triggers for ca-certificates (20190110) ...
Updating certificates in /etc/ssl/certs...
0 added, 0 removed; done.
Running hooks in /etc/ca-certificates/update.d...
done.
^[[A^[[ARemoving intermediate container fa329e1b4afa
 ---> 2ed6fbed6798
Step 4/7 : COPY index.html /usr/local/apache2/htdocs/
 ---> 7ac4b4bdb77e
Step 5/7 : COPY SSH-key/id_rsa /etc
 ---> 17d563146b8a
Step 6/7 : RUN eval "$(ssh-agent -s)" && chmod 700 /etc/id_rsa && ssh-add /etc/id_rsa && ssh-keyscan -H github.com >> /etc/ssh/ssh_known_hosts && git clone git@github.com:deaw-birt/proyecto-html.git /usr/local/apache2/htdocs/proyecto
 ---> Running in 05215ed2cf82
Agent pid 7
Identity added: /etc/id_rsa (/etc/id_rsa)
# github.com:22 SSH-2.0-babeld-378a3119
# github.com:22 SSH-2.0-babeld-378a3119
# github.com:22 SSH-2.0-babeld-378a3119
Cloning into '/usr/local/apache2/htdocs/proyecto'...
Warning: Permanently added the RSA host key for IP address '140.82.118.4' to the list of known hosts.
ERROR: We're doing an SSH key audit.
Reason: unverified automatically (private key found in a public repository)
Please visit https://github.com/deaw-birt/proyecto-html/settings/keys/39279160
to approve this key so we know it's safe.
Fingerprint: 01:bc:a8:dc:93:05:3d:b4:9c:3f:be:ad:22:40:41:0a

fatal: Could not read from remote repository.

Please make sure you have the correct access rights
and the repository exists.
The command '/bin/sh -c eval "$(ssh-agent -s)" && chmod 700 /etc/id_rsa && ssh-add /etc/id_rsa && ssh-keyscan -H github.com >> /etc/ssh/ssh_known_hosts && git clone git@github.com:deaw-birt/proyecto-html.git /usr/local/apache2/htdocs/proyecto' returned a non-zero code: 128